<!DOCTYPE html>

<html>
  <head>
  <meta charset='utf-8'>
  <title>TestNG reports</title>

    <link type="text/css" href="testng-reports1.css" rel="stylesheet" id="ultra" />
    <link type="text/css" href="testng-reports.css" rel="stylesheet" id="retro" disabled="false"/>
    <script type="text/javascript" src="jquery-3.6.0.min.js"></script>
    <script type="text/javascript" src="testng-reports.js"></script>
    <script type="text/javascript" src="https://www.google.com/jsapi"></script>
    <script type='text/javascript'>
      google.load('visualization', '1', {packages:['table']});
      google.setOnLoadCallback(drawTable);
      var suiteTableInitFunctions = new Array();
      var suiteTableData = new Array();
    </script>
    <!--
      <script type="text/javascript" src="jquery-ui/js/jquery-ui-1.8.16.custom.min.js"></script>
     -->
  </head>

  <body>    <div class="top-banner-root">
      <span class="top-banner-title-font">Test results</span>
      <button id="button" class="button">Switch Retro Theme</button> <!-- button -->
      <br/>
      <span class="top-banner-font-1">1 suite, 8 failed tests</span>
    </div> <!-- top-banner-root -->
    <div class="navigator-root">
      <div class="navigator-suite-header">
        <span>All suites</span>
        <a href="#" title="Collapse/expand all the suites" class="collapse-all-link">
          <img src="collapseall.gif" class="collapse-all-icon">
          </img> <!-- collapse-all-icon -->
        </a> <!-- collapse-all-link -->
      </div> <!-- navigator-suite-header -->
      <div class="suite">
        <div class="rounded-window">
          <div class="suite-header light-rounded-window-top">
            <a href="#" panel-name="suite-MasterSuite" class="navigator-link">
              <span class="suite-name border-failed">MasterSuite</span>
            </a> <!-- navigator-link -->
          </div> <!-- suite-header light-rounded-window-top -->
          <div class="navigator-suite-content">
            <div class="suite-section-title">
              <span>Info</span>
            </div> <!-- suite-section-title -->
            <div class="suite-section-content">
              <ul>
                <li>
                  <a href="#" panel-name="test-xml-MasterSuite" class="navigator-link ">
                    <span>C:\Users\keert\eclipse-workspace\Target\testngMaster.xml</span>
                  </a> <!-- navigator-link  -->
                </li>
                <li>
                  <a href="#" panel-name="testlist-MasterSuite" class="navigator-link ">
                    <span class="test-stats">1 test</span>
                  </a> <!-- navigator-link  -->
                </li>
                <li>
                  <a href="#" panel-name="group-MasterSuite" class="navigator-link ">
                    <span>2 groups</span>
                  </a> <!-- navigator-link  -->
                </li>
                <li>
                  <a href="#" panel-name="times-MasterSuite" class="navigator-link ">
                    <span>Times</span>
                  </a> <!-- navigator-link  -->
                </li>
                <li>
                  <a href="#" panel-name="reporter-MasterSuite" class="navigator-link ">
                    <span>Reporter output</span>
                  </a> <!-- navigator-link  -->
                </li>
                <li>
                  <a href="#" panel-name="ignored-methods-MasterSuite" class="navigator-link ">
                    <span>Ignored methods</span>
                  </a> <!-- navigator-link  -->
                </li>
                <li>
                  <a href="#" panel-name="chronological-MasterSuite" class="navigator-link ">
                    <span>Chronological view</span>
                  </a> <!-- navigator-link  -->
                </li>
              </ul>
            </div> <!-- suite-section-content -->
            <div class="result-section">
              <div class="suite-section-title">
                <span>Results</span>
              </div> <!-- suite-section-title -->
              <div class="suite-section-content">
                <ul>
                  <li>
                    <span class="method-stats">12 methods, 8 failed,   4 passed</span>
                  </li>
                  <li>
                    <span class="method-list-title failed">Failed methods</span>
                    <span class="show-or-hide-methods failed">
                      <a href="#" panel-name="suite-MasterSuite" class="hide-methods failed suite-MasterSuite"> (hide)</a> <!-- hide-methods failed suite-MasterSuite -->
                      <a href="#" panel-name="suite-MasterSuite" class="show-methods failed suite-MasterSuite"> (show)</a> <!-- show-methods failed suite-MasterSuite -->
                    </span>
                    <div class="method-list-content failed suite-MasterSuite">
                      <span>
                        <img src="failed.png" width="3%"/>
                        <a href="#" panel-name="suite-MasterSuite" title="testcases.TC_001_Signup" class="method navigator-link" hash-for-method="checkSignup(wkusko@yahoo.com, xYt29010g, Willow)">checkSignup(wkusko@yahoo.com, xYt29010g, Willow)</a> <!-- method navigator-link -->
                      </span>
                      <br/>
                      <span>
                        <img src="failed.png" width="3%"/>
                        <a href="#" panel-name="suite-MasterSuite" title="testcases.TC_001_Signup" class="method navigator-link" hash-for-method="checkSignup(vinouye@aol.com, x42067c2x, Veronika)">checkSignup(vinouye@aol.com, x42067c2x, Veronika)</a> <!-- method navigator-link -->
                      </span>
                      <br/>
                      <span>
                        <img src="failed.png" width="3%"/>
                        <a href="#" panel-name="suite-MasterSuite" title="testcases.TC_001_Signup" class="method navigator-link" hash-for-method="checkSignup(ezekiel@chui.com, Rto#!9990, Ezekiel)">checkSignup(ezekiel@chui.com, Rto#!9990, Ezekiel)</a> <!-- method navigator-link -->
                      </span>
                      <br/>
                      <span>
                        <img src="failed.png" width="3%"/>
                        <a href="#" panel-name="suite-MasterSuite" title="testcases.TC_001_Signup" class="method navigator-link" hash-for-method="checkSignup(mroyster@royster.com, d509106i8d, Maryann)">checkSignup(mroyster@royster.com, d509106i8d, Maryann)</a> <!-- method navigator-link -->
                      </span>
                      <br/>
                      <span>
                        <img src="failed.png" width="3%"/>
                        <a href="#" panel-name="suite-MasterSuite" title="testcases.TC_001_Signup" class="method navigator-link" hash-for-method="checkSignup(alisha@slusarski.com, n22728h7n, Alisha)">checkSignup(alisha@slusarski.com, n22728h7n, Alisha)</a> <!-- method navigator-link -->
                      </span>
                      <br/>
                      <span>
                        <img src="failed.png" width="3%"/>
                        <a href="#" panel-name="suite-MasterSuite" title="testcases.TC_001_Signup" class="method navigator-link" hash-for-method="checkSignup(chanel.caudy@caudy.org, r24678h7r, Chanel)">checkSignup(chanel.caudy@caudy.org, r24678h7r, Chanel)</a> <!-- method navigator-link -->
                      </span>
                      <br/>
                      <span>
                        <img src="failed.png" width="3%"/>
                        <a href="#" panel-name="suite-MasterSuite" title="testcases.TC_001_Signup" class="method navigator-link" hash-for-method="checkSignup(allene_iturbide@cox.net, g240102d3g, Allene)">checkSignup(allene_iturbide@cox.net, g240102d3g, Allene)</a> <!-- method navigator-link -->
                      </span>
                      <br/>
                      <span>
                        <img src="failed.png" width="3%"/>
                        <a href="#" panel-name="suite-MasterSuite" title="testcases.TC_001_Signup" class="method navigator-link" hash-for-method="checkSignup(willard@hotmail.com, f03823e4f, Willard)">checkSignup(willard@hotmail.com, f03823e4f, Willard)</a> <!-- method navigator-link -->
                      </span>
                      <br/>
                    </div> <!-- method-list-content failed suite-MasterSuite -->
                  </li>
                  <li>
                    <span class="method-list-title passed">Passed methods</span>
                    <span class="show-or-hide-methods passed">
                      <a href="#" panel-name="suite-MasterSuite" class="hide-methods passed suite-MasterSuite"> (hide)</a> <!-- hide-methods passed suite-MasterSuite -->
                      <a href="#" panel-name="suite-MasterSuite" class="show-methods passed suite-MasterSuite"> (show)</a> <!-- show-methods passed suite-MasterSuite -->
                    </span>
                    <div class="method-list-content passed suite-MasterSuite">
                      <span>
                        <img src="passed.png" width="3%"/>
                        <a href="#" panel-name="suite-MasterSuite" title="testcases.TC_001_Signup" class="method navigator-link" hash-for-method="checkSignup(bette_nicka@cox.net, g28943b1g, Bette)">checkSignup(bette_nicka@cox.net, g28943b1g, Bette)</a> <!-- method navigator-link -->
                      </span>
                      <br/>
                      <span>
                        <img src="passed.png" width="3%"/>
                        <a href="#" panel-name="suite-MasterSuite" title="testcases.TC_001_Signup" class="method navigator-link" hash-for-method="checkSignup(yuki_whobrey@aol.com, y107119f5y, Yuki)">checkSignup(yuki_whobrey@aol.com, y107119f5y, Yuki)</a> <!-- method navigator-link -->
                      </span>
                      <br/>
                      <span>
                        <img src="passed.png" width="3%"/>
                        <a href="#" panel-name="suite-MasterSuite" title="testcases.TC_001_Signup" class="method navigator-link" hash-for-method="checkSignup(fletcher.flosi@yahoo.com, d122102h7d, Fletcher)">checkSignup(fletcher.flosi@yahoo.com, d122102h7d, Fletcher)</a> <!-- method navigator-link -->
                      </span>
                      <br/>
                      <span>
                        <img src="passed.png" width="3%"/>
                        <a href="#" panel-name="suite-MasterSuite" title="testcases.TC_001_Signup" class="method navigator-link" hash-for-method="setSignup">setSignup</a> <!-- method navigator-link -->
                      </span>
                      <br/>
                    </div> <!-- method-list-content passed suite-MasterSuite -->
                  </li>
                </ul>
              </div> <!-- suite-section-content -->
            </div> <!-- result-section -->
          </div> <!-- navigator-suite-content -->
        </div> <!-- rounded-window -->
      </div> <!-- suite -->
    </div> <!-- navigator-root -->
    <div class="wrapper">
      <div class="main-panel-root">
        <div panel-name="suite-MasterSuite" class="panel MasterSuite">
          <div class="suite-MasterSuite-class-failed">
            <div class="main-panel-header rounded-window-top">
              <img src="failed.png"/>
              <span class="class-name">testcases.TC_001_Signup</span>
            </div> <!-- main-panel-header rounded-window-top -->
            <div class="main-panel-content rounded-window-bottom">
              <div class="method">
                <div class="method-content">
                  <a name="checkSignup(wkusko@yahoo.com, xYt29010g, Willow)">
                  </a> <!-- checkSignup(wkusko@yahoo.com, xYt29010g, Willow) -->
                  <span class="method-name">checkSignup</span>
                  <span class="parameters">(wkusko@yahoo.com,xYt29010g,Willow)</span>
                  <div class="stack-trace">org.openqa.selenium.ElementClickInterceptedException: element click intercepted: Element &lt;a aria-expanded=&quot;true&quot; aria-label=&quot;Account, sign in&quot; data-test=&quot;@web/AccountLink&quot; href=&quot;/account?prehydrateClick=true&quot; id=&quot;account-sign-in&quot; class=&quot;sc-a6f64ae6-1 sc-58ad44c0-1 gqkzWF kKDBRy&quot;&gt;...&lt;/a&gt; is not clickable at point (1206, 90). Other element would receive the click: &lt;div class=&quot;h-padding-b-tight&quot;&gt;...&lt;/div&gt;
  (Session info: chrome=132.0.6834.84)
Build info: version: &apos;4.27.0&apos;, revision: &apos;d6e718d134&apos;
System info: os.name: &apos;Windows 10&apos;, os.arch: &apos;amd64&apos;, os.version: &apos;10.0&apos;, java.version: &apos;21.0.5&apos;
Driver info: org.openqa.selenium.chrome.ChromeDriver
Command: [8db361442dc1be94badbff6e0e1f1407, clickElement {id=f.942765590AA256D1CBB96037F446F636.d.8EFD6496AE91EA836E67FF6B6974C517.e.399}]
Capabilities {acceptInsecureCerts: false, browserName: chrome, browserVersion: 132.0.6834.84, chrome: {chromedriverVersion: 132.0.6834.110 (df453a35f09..., userDataDir: C:\Users\keert\AppData\Loca...}, fedcm:accounts: true, goog:chromeOptions: {debuggerAddress: localhost:60837}, networkConnectionEnabled: false, pageLoadStrategy: normal, platformName: windows, proxy: Proxy(), se:cdp: ws://localhost:60837/devtoo..., se:cdpVersion: 132.0.6834.84, setWindowRect: true, strictFileInteractability: false, timeouts: {implicit: 0, pageLoad: 300000, script: 30000}, unhandledPromptBehavior: dismiss and notify, webauthn:extension:credBlob: true, webauthn:extension:largeBlob: true, webauthn:extension:minPinLength: true, webauthn:extension:prf: true, webauthn:virtualAuthenticators: true}
Element: [[ChromeDriver: chrome on windows (8db361442dc1be94badbff6e0e1f1407)] -&gt; id: account-sign-in]
Session ID: 8db361442dc1be94badbff6e0e1f1407
	at org.openqa.selenium.remote.ErrorCodec.decode(ErrorCodec.java:167)
	at org.openqa.selenium.remote.codec.w3c.W3CHttpResponseCodec.decode(W3CHttpResponseCodec.java:138)
	at org.openqa.selenium.remote.codec.w3c.W3CHttpResponseCodec.decode(W3CHttpResponseCodec.java:50)
	at org.openqa.selenium.remote.HttpCommandExecutor.execute(HttpCommandExecutor.java:190)
	at org.openqa.selenium.remote.service.DriverCommandExecutor.invokeExecute(DriverCommandExecutor.java:216)
	at org.openqa.selenium.remote.service.DriverCommandExecutor.execute(DriverCommandExecutor.java:174)
	at org.openqa.selenium.remote.RemoteWebDriver.execute(RemoteWebDriver.java:545)
	at org.openqa.selenium.remote.RemoteWebElement.execute(RemoteWebElement.java:223)
	at org.openqa.selenium.remote.RemoteWebElement.click(RemoteWebElement.java:76)
	at pageobjects.Home_Page.clickAccMenuAfter(Home_Page.java:31)
	at testcases.TC_001_Signup.checkSignup(TC_001_Signup.java:28)
	at java.base/java.util.ArrayList.forEach(ArrayList.java:1596)
... Removed 32 stack frames
</div> <!-- stack-trace -->
                </div> <!-- method-content -->
              </div> <!-- method -->
              <div class="method">
                <div class="method-content">
                  <a name="checkSignup(vinouye@aol.com, x42067c2x, Veronika)">
                  </a> <!-- checkSignup(vinouye@aol.com, x42067c2x, Veronika) -->
                  <span class="method-name">checkSignup</span>
                  <span class="parameters">(vinouye@aol.com,x42067c2x,Veronika)</span>
                  <div class="stack-trace">java.lang.AssertionError: expected [Veronika] but found []
	at testcases.TC_001_Signup.checkSignup(TC_001_Signup.java:56)
	at java.base/java.util.ArrayList.forEach(ArrayList.java:1596)
... Removed 35 stack frames
</div> <!-- stack-trace -->
                </div> <!-- method-content -->
              </div> <!-- method -->
              <div class="method">
                <div class="method-content">
                  <a name="checkSignup(ezekiel@chui.com, Rto#!9990, Ezekiel)">
                  </a> <!-- checkSignup(ezekiel@chui.com, Rto#!9990, Ezekiel) -->
                  <span class="method-name">checkSignup</span>
                  <span class="parameters">(ezekiel@chui.com,Rto#!9990,Ezekiel)</span>
                  <div class="stack-trace">org.openqa.selenium.ElementClickInterceptedException: element click intercepted: Element &lt;a aria-expanded=&quot;true&quot; aria-label=&quot;Account, sign in&quot; data-test=&quot;@web/AccountLink&quot; href=&quot;/account?prehydrateClick=true&quot; id=&quot;account-sign-in&quot; class=&quot;sc-a6f64ae6-1 sc-58ad44c0-1 gqkzWF kKDBRy&quot;&gt;...&lt;/a&gt; is not clickable at point (1206, 90). Other element would receive the click: &lt;div class=&quot;h-padding-b-tight&quot;&gt;...&lt;/div&gt;
  (Session info: chrome=132.0.6834.84)
Build info: version: &apos;4.27.0&apos;, revision: &apos;d6e718d134&apos;
System info: os.name: &apos;Windows 10&apos;, os.arch: &apos;amd64&apos;, os.version: &apos;10.0&apos;, java.version: &apos;21.0.5&apos;
Driver info: org.openqa.selenium.chrome.ChromeDriver
Command: [8db361442dc1be94badbff6e0e1f1407, clickElement {id=f.942765590AA256D1CBB96037F446F636.d.8EFD6496AE91EA836E67FF6B6974C517.e.399}]
Capabilities {acceptInsecureCerts: false, browserName: chrome, browserVersion: 132.0.6834.84, chrome: {chromedriverVersion: 132.0.6834.110 (df453a35f09..., userDataDir: C:\Users\keert\AppData\Loca...}, fedcm:accounts: true, goog:chromeOptions: {debuggerAddress: localhost:60837}, networkConnectionEnabled: false, pageLoadStrategy: normal, platformName: windows, proxy: Proxy(), se:cdp: ws://localhost:60837/devtoo..., se:cdpVersion: 132.0.6834.84, setWindowRect: true, strictFileInteractability: false, timeouts: {implicit: 0, pageLoad: 300000, script: 30000}, unhandledPromptBehavior: dismiss and notify, webauthn:extension:credBlob: true, webauthn:extension:largeBlob: true, webauthn:extension:minPinLength: true, webauthn:extension:prf: true, webauthn:virtualAuthenticators: true}
Element: [[ChromeDriver: chrome on windows (8db361442dc1be94badbff6e0e1f1407)] -&gt; id: account-sign-in]
Session ID: 8db361442dc1be94badbff6e0e1f1407
	at org.openqa.selenium.remote.ErrorCodec.decode(ErrorCodec.java:167)
	at org.openqa.selenium.remote.codec.w3c.W3CHttpResponseCodec.decode(W3CHttpResponseCodec.java:138)
	at org.openqa.selenium.remote.codec.w3c.W3CHttpResponseCodec.decode(W3CHttpResponseCodec.java:50)
	at org.openqa.selenium.remote.HttpCommandExecutor.execute(HttpCommandExecutor.java:190)
	at org.openqa.selenium.remote.service.DriverCommandExecutor.invokeExecute(DriverCommandExecutor.java:216)
	at org.openqa.selenium.remote.service.DriverCommandExecutor.execute(DriverCommandExecutor.java:174)
	at org.openqa.selenium.remote.RemoteWebDriver.execute(RemoteWebDriver.java:545)
	at org.openqa.selenium.remote.RemoteWebElement.execute(RemoteWebElement.java:223)
	at org.openqa.selenium.remote.RemoteWebElement.click(RemoteWebElement.java:76)
	at pageobjects.Home_Page.clickAccMenuAfter(Home_Page.java:31)
	at testcases.TC_001_Signup.checkSignup(TC_001_Signup.java:28)
	at java.base/java.util.ArrayList.forEach(ArrayList.java:1596)
... Removed 32 stack frames
</div> <!-- stack-trace -->
                </div> <!-- method-content -->
              </div> <!-- method -->
              <div class="method">
                <div class="method-content">
                  <a name="checkSignup(mroyster@royster.com, d509106i8d, Maryann)">
                  </a> <!-- checkSignup(mroyster@royster.com, d509106i8d, Maryann) -->
                  <span class="method-name">checkSignup</span>
                  <span class="parameters">(mroyster@royster.com,d509106i8d,Maryann)</span>
                  <div class="stack-trace">org.openqa.selenium.ElementClickInterceptedException: element click intercepted: Element &lt;a aria-expanded=&quot;true&quot; aria-label=&quot;Account, sign in&quot; data-test=&quot;@web/AccountLink&quot; href=&quot;/account?prehydrateClick=true&quot; id=&quot;account-sign-in&quot; class=&quot;sc-a6f64ae6-1 sc-58ad44c0-1 gqkzWF kKDBRy&quot;&gt;...&lt;/a&gt; is not clickable at point (1206, 90). Other element would receive the click: &lt;div class=&quot;h-padding-b-tight&quot;&gt;...&lt;/div&gt;
  (Session info: chrome=132.0.6834.84)
Build info: version: &apos;4.27.0&apos;, revision: &apos;d6e718d134&apos;
System info: os.name: &apos;Windows 10&apos;, os.arch: &apos;amd64&apos;, os.version: &apos;10.0&apos;, java.version: &apos;21.0.5&apos;
Driver info: org.openqa.selenium.chrome.ChromeDriver
Command: [8db361442dc1be94badbff6e0e1f1407, clickElement {id=f.942765590AA256D1CBB96037F446F636.d.8EFD6496AE91EA836E67FF6B6974C517.e.399}]
Capabilities {acceptInsecureCerts: false, browserName: chrome, browserVersion: 132.0.6834.84, chrome: {chromedriverVersion: 132.0.6834.110 (df453a35f09..., userDataDir: C:\Users\keert\AppData\Loca...}, fedcm:accounts: true, goog:chromeOptions: {debuggerAddress: localhost:60837}, networkConnectionEnabled: false, pageLoadStrategy: normal, platformName: windows, proxy: Proxy(), se:cdp: ws://localhost:60837/devtoo..., se:cdpVersion: 132.0.6834.84, setWindowRect: true, strictFileInteractability: false, timeouts: {implicit: 0, pageLoad: 300000, script: 30000}, unhandledPromptBehavior: dismiss and notify, webauthn:extension:credBlob: true, webauthn:extension:largeBlob: true, webauthn:extension:minPinLength: true, webauthn:extension:prf: true, webauthn:virtualAuthenticators: true}
Element: [[ChromeDriver: chrome on windows (8db361442dc1be94badbff6e0e1f1407)] -&gt; id: account-sign-in]
Session ID: 8db361442dc1be94badbff6e0e1f1407
	at org.openqa.selenium.remote.ErrorCodec.decode(ErrorCodec.java:167)
	at org.openqa.selenium.remote.codec.w3c.W3CHttpResponseCodec.decode(W3CHttpResponseCodec.java:138)
	at org.openqa.selenium.remote.codec.w3c.W3CHttpResponseCodec.decode(W3CHttpResponseCodec.java:50)
	at org.openqa.selenium.remote.HttpCommandExecutor.execute(HttpCommandExecutor.java:190)
	at org.openqa.selenium.remote.service.DriverCommandExecutor.invokeExecute(DriverCommandExecutor.java:216)
	at org.openqa.selenium.remote.service.DriverCommandExecutor.execute(DriverCommandExecutor.java:174)
	at org.openqa.selenium.remote.RemoteWebDriver.execute(RemoteWebDriver.java:545)
	at org.openqa.selenium.remote.RemoteWebElement.execute(RemoteWebElement.java:223)
	at org.openqa.selenium.remote.RemoteWebElement.click(RemoteWebElement.java:76)
	at pageobjects.Home_Page.clickAccMenuAfter(Home_Page.java:31)
	at testcases.TC_001_Signup.checkSignup(TC_001_Signup.java:28)
	at java.base/java.util.ArrayList.forEach(ArrayList.java:1596)
... Removed 32 stack frames
</div> <!-- stack-trace -->
                </div> <!-- method-content -->
              </div> <!-- method -->
              <div class="method">
                <div class="method-content">
                  <a name="checkSignup(alisha@slusarski.com, n22728h7n, Alisha)">
                  </a> <!-- checkSignup(alisha@slusarski.com, n22728h7n, Alisha) -->
                  <span class="method-name">checkSignup</span>
                  <span class="parameters">(alisha@slusarski.com,n22728h7n,Alisha)</span>
                  <div class="stack-trace">org.openqa.selenium.ElementClickInterceptedException: element click intercepted: Element &lt;a aria-expanded=&quot;true&quot; aria-label=&quot;Account, sign in&quot; data-test=&quot;@web/AccountLink&quot; href=&quot;/account?prehydrateClick=true&quot; id=&quot;account-sign-in&quot; class=&quot;sc-a6f64ae6-1 sc-58ad44c0-1 gqkzWF kKDBRy&quot;&gt;...&lt;/a&gt; is not clickable at point (1206, 90). Other element would receive the click: &lt;div class=&quot;h-padding-b-tight&quot;&gt;...&lt;/div&gt;
  (Session info: chrome=132.0.6834.84)
Build info: version: &apos;4.27.0&apos;, revision: &apos;d6e718d134&apos;
System info: os.name: &apos;Windows 10&apos;, os.arch: &apos;amd64&apos;, os.version: &apos;10.0&apos;, java.version: &apos;21.0.5&apos;
Driver info: org.openqa.selenium.chrome.ChromeDriver
Command: [8db361442dc1be94badbff6e0e1f1407, clickElement {id=f.942765590AA256D1CBB96037F446F636.d.8EFD6496AE91EA836E67FF6B6974C517.e.399}]
Capabilities {acceptInsecureCerts: false, browserName: chrome, browserVersion: 132.0.6834.84, chrome: {chromedriverVersion: 132.0.6834.110 (df453a35f09..., userDataDir: C:\Users\keert\AppData\Loca...}, fedcm:accounts: true, goog:chromeOptions: {debuggerAddress: localhost:60837}, networkConnectionEnabled: false, pageLoadStrategy: normal, platformName: windows, proxy: Proxy(), se:cdp: ws://localhost:60837/devtoo..., se:cdpVersion: 132.0.6834.84, setWindowRect: true, strictFileInteractability: false, timeouts: {implicit: 0, pageLoad: 300000, script: 30000}, unhandledPromptBehavior: dismiss and notify, webauthn:extension:credBlob: true, webauthn:extension:largeBlob: true, webauthn:extension:minPinLength: true, webauthn:extension:prf: true, webauthn:virtualAuthenticators: true}
Element: [[ChromeDriver: chrome on windows (8db361442dc1be94badbff6e0e1f1407)] -&gt; id: account-sign-in]
Session ID: 8db361442dc1be94badbff6e0e1f1407
	at org.openqa.selenium.remote.ErrorCodec.decode(ErrorCodec.java:167)
	at org.openqa.selenium.remote.codec.w3c.W3CHttpResponseCodec.decode(W3CHttpResponseCodec.java:138)
	at org.openqa.selenium.remote.codec.w3c.W3CHttpResponseCodec.decode(W3CHttpResponseCodec.java:50)
	at org.openqa.selenium.remote.HttpCommandExecutor.execute(HttpCommandExecutor.java:190)
	at org.openqa.selenium.remote.service.DriverCommandExecutor.invokeExecute(DriverCommandExecutor.java:216)
	at org.openqa.selenium.remote.service.DriverCommandExecutor.execute(DriverCommandExecutor.java:174)
	at org.openqa.selenium.remote.RemoteWebDriver.execute(RemoteWebDriver.java:545)
	at org.openqa.selenium.remote.RemoteWebElement.execute(RemoteWebElement.java:223)
	at org.openqa.selenium.remote.RemoteWebElement.click(RemoteWebElement.java:76)
	at pageobjects.Home_Page.clickAccMenuAfter(Home_Page.java:31)
	at testcases.TC_001_Signup.checkSignup(TC_001_Signup.java:28)
	at java.base/java.util.ArrayList.forEach(ArrayList.java:1596)
... Removed 32 stack frames
</div> <!-- stack-trace -->
                </div> <!-- method-content -->
              </div> <!-- method -->
              <div class="method">
                <div class="method-content">
                  <a name="checkSignup(chanel.caudy@caudy.org, r24678h7r, Chanel)">
                  </a> <!-- checkSignup(chanel.caudy@caudy.org, r24678h7r, Chanel) -->
                  <span class="method-name">checkSignup</span>
                  <span class="parameters">(chanel.caudy@caudy.org,r24678h7r,Chanel)</span>
                  <div class="stack-trace">org.openqa.selenium.ElementClickInterceptedException: element click intercepted: Element &lt;a aria-expanded=&quot;true&quot; aria-label=&quot;Account, sign in&quot; data-test=&quot;@web/AccountLink&quot; href=&quot;/account?prehydrateClick=true&quot; id=&quot;account-sign-in&quot; class=&quot;sc-a6f64ae6-1 sc-58ad44c0-1 gqkzWF kKDBRy&quot;&gt;...&lt;/a&gt; is not clickable at point (1206, 90). Other element would receive the click: &lt;div class=&quot;h-padding-b-tight&quot;&gt;...&lt;/div&gt;
  (Session info: chrome=132.0.6834.84)
Build info: version: &apos;4.27.0&apos;, revision: &apos;d6e718d134&apos;
System info: os.name: &apos;Windows 10&apos;, os.arch: &apos;amd64&apos;, os.version: &apos;10.0&apos;, java.version: &apos;21.0.5&apos;
Driver info: org.openqa.selenium.chrome.ChromeDriver
Command: [8db361442dc1be94badbff6e0e1f1407, clickElement {id=f.942765590AA256D1CBB96037F446F636.d.8EFD6496AE91EA836E67FF6B6974C517.e.399}]
Capabilities {acceptInsecureCerts: false, browserName: chrome, browserVersion: 132.0.6834.84, chrome: {chromedriverVersion: 132.0.6834.110 (df453a35f09..., userDataDir: C:\Users\keert\AppData\Loca...}, fedcm:accounts: true, goog:chromeOptions: {debuggerAddress: localhost:60837}, networkConnectionEnabled: false, pageLoadStrategy: normal, platformName: windows, proxy: Proxy(), se:cdp: ws://localhost:60837/devtoo..., se:cdpVersion: 132.0.6834.84, setWindowRect: true, strictFileInteractability: false, timeouts: {implicit: 0, pageLoad: 300000, script: 30000}, unhandledPromptBehavior: dismiss and notify, webauthn:extension:credBlob: true, webauthn:extension:largeBlob: true, webauthn:extension:minPinLength: true, webauthn:extension:prf: true, webauthn:virtualAuthenticators: true}
Element: [[ChromeDriver: chrome on windows (8db361442dc1be94badbff6e0e1f1407)] -&gt; id: account-sign-in]
Session ID: 8db361442dc1be94badbff6e0e1f1407
	at org.openqa.selenium.remote.ErrorCodec.decode(ErrorCodec.java:167)
	at org.openqa.selenium.remote.codec.w3c.W3CHttpResponseCodec.decode(W3CHttpResponseCodec.java:138)
	at org.openqa.selenium.remote.codec.w3c.W3CHttpResponseCodec.decode(W3CHttpResponseCodec.java:50)
	at org.openqa.selenium.remote.HttpCommandExecutor.execute(HttpCommandExecutor.java:190)
	at org.openqa.selenium.remote.service.DriverCommandExecutor.invokeExecute(DriverCommandExecutor.java:216)
	at org.openqa.selenium.remote.service.DriverCommandExecutor.execute(DriverCommandExecutor.java:174)
	at org.openqa.selenium.remote.RemoteWebDriver.execute(RemoteWebDriver.java:545)
	at org.openqa.selenium.remote.RemoteWebElement.execute(RemoteWebElement.java:223)
	at org.openqa.selenium.remote.RemoteWebElement.click(RemoteWebElement.java:76)
	at pageobjects.Home_Page.clickAccMenuAfter(Home_Page.java:31)
	at testcases.TC_001_Signup.checkSignup(TC_001_Signup.java:28)
	at java.base/java.util.ArrayList.forEach(ArrayList.java:1596)
... Removed 32 stack frames
</div> <!-- stack-trace -->
                </div> <!-- method-content -->
              </div> <!-- method -->
              <div class="method">
                <div class="method-content">
                  <a name="checkSignup(allene_iturbide@cox.net, g240102d3g, Allene)">
                  </a> <!-- checkSignup(allene_iturbide@cox.net, g240102d3g, Allene) -->
                  <span class="method-name">checkSignup</span>
                  <span class="parameters">(allene_iturbide@cox.net,g240102d3g,Allene)</span>
                  <div class="stack-trace">org.openqa.selenium.ElementClickInterceptedException: element click intercepted: Element &lt;a aria-expanded=&quot;true&quot; aria-label=&quot;Account, sign in&quot; data-test=&quot;@web/AccountLink&quot; href=&quot;/account?prehydrateClick=true&quot; id=&quot;account-sign-in&quot; class=&quot;sc-a6f64ae6-1 sc-58ad44c0-1 gqkzWF kKDBRy&quot;&gt;...&lt;/a&gt; is not clickable at point (1206, 90). Other element would receive the click: &lt;div class=&quot;h-padding-b-tight&quot;&gt;...&lt;/div&gt;
  (Session info: chrome=132.0.6834.84)
Build info: version: &apos;4.27.0&apos;, revision: &apos;d6e718d134&apos;
System info: os.name: &apos;Windows 10&apos;, os.arch: &apos;amd64&apos;, os.version: &apos;10.0&apos;, java.version: &apos;21.0.5&apos;
Driver info: org.openqa.selenium.chrome.ChromeDriver
Command: [8db361442dc1be94badbff6e0e1f1407, clickElement {id=f.942765590AA256D1CBB96037F446F636.d.8EFD6496AE91EA836E67FF6B6974C517.e.399}]
Capabilities {acceptInsecureCerts: false, browserName: chrome, browserVersion: 132.0.6834.84, chrome: {chromedriverVersion: 132.0.6834.110 (df453a35f09..., userDataDir: C:\Users\keert\AppData\Loca...}, fedcm:accounts: true, goog:chromeOptions: {debuggerAddress: localhost:60837}, networkConnectionEnabled: false, pageLoadStrategy: normal, platformName: windows, proxy: Proxy(), se:cdp: ws://localhost:60837/devtoo..., se:cdpVersion: 132.0.6834.84, setWindowRect: true, strictFileInteractability: false, timeouts: {implicit: 0, pageLoad: 300000, script: 30000}, unhandledPromptBehavior: dismiss and notify, webauthn:extension:credBlob: true, webauthn:extension:largeBlob: true, webauthn:extension:minPinLength: true, webauthn:extension:prf: true, webauthn:virtualAuthenticators: true}
Element: [[ChromeDriver: chrome on windows (8db361442dc1be94badbff6e0e1f1407)] -&gt; id: account-sign-in]
Session ID: 8db361442dc1be94badbff6e0e1f1407
	at org.openqa.selenium.remote.ErrorCodec.decode(ErrorCodec.java:167)
	at org.openqa.selenium.remote.codec.w3c.W3CHttpResponseCodec.decode(W3CHttpResponseCodec.java:138)
	at org.openqa.selenium.remote.codec.w3c.W3CHttpResponseCodec.decode(W3CHttpResponseCodec.java:50)
	at org.openqa.selenium.remote.HttpCommandExecutor.execute(HttpCommandExecutor.java:190)
	at org.openqa.selenium.remote.service.DriverCommandExecutor.invokeExecute(DriverCommandExecutor.java:216)
	at org.openqa.selenium.remote.service.DriverCommandExecutor.execute(DriverCommandExecutor.java:174)
	at org.openqa.selenium.remote.RemoteWebDriver.execute(RemoteWebDriver.java:545)
	at org.openqa.selenium.remote.RemoteWebElement.execute(RemoteWebElement.java:223)
	at org.openqa.selenium.remote.RemoteWebElement.click(RemoteWebElement.java:76)
	at pageobjects.Home_Page.clickAccMenuAfter(Home_Page.java:31)
	at testcases.TC_001_Signup.checkSignup(TC_001_Signup.java:28)
	at java.base/java.util.ArrayList.forEach(ArrayList.java:1596)
... Removed 32 stack frames
</div> <!-- stack-trace -->
                </div> <!-- method-content -->
              </div> <!-- method -->
              <div class="method">
                <div class="method-content">
                  <a name="checkSignup(willard@hotmail.com, f03823e4f, Willard)">
                  </a> <!-- checkSignup(willard@hotmail.com, f03823e4f, Willard) -->
                  <span class="method-name">checkSignup</span>
                  <span class="parameters">(willard@hotmail.com,f03823e4f,Willard)</span>
                  <div class="stack-trace">org.openqa.selenium.NoSuchElementException: no such element: Unable to locate element: {&quot;method&quot;:&quot;xpath&quot;,&quot;selector&quot;:&quot;.//span[text()=&apos;Manage account&apos;]&quot;}
  (Session info: chrome=132.0.6834.84)
For documentation on this error, please visit: https://www.selenium.dev/documentation/webdriver/troubleshooting/errors#no-such-element-exception
Build info: version: &apos;4.27.0&apos;, revision: &apos;d6e718d134&apos;
System info: os.name: &apos;Windows 10&apos;, os.arch: &apos;amd64&apos;, os.version: &apos;10.0&apos;, java.version: &apos;21.0.5&apos;
Driver info: org.openqa.selenium.chrome.ChromeDriver
Command: [8db361442dc1be94badbff6e0e1f1407, findElement {value=.//span[text()=&apos;Manage account&apos;], using=xpath}]
Capabilities {acceptInsecureCerts: false, browserName: chrome, browserVersion: 132.0.6834.84, chrome: {chromedriverVersion: 132.0.6834.110 (df453a35f09..., userDataDir: C:\Users\keert\AppData\Loca...}, fedcm:accounts: true, goog:chromeOptions: {debuggerAddress: localhost:60837}, networkConnectionEnabled: false, pageLoadStrategy: normal, platformName: windows, proxy: Proxy(), se:cdp: ws://localhost:60837/devtoo..., se:cdpVersion: 132.0.6834.84, setWindowRect: true, strictFileInteractability: false, timeouts: {implicit: 0, pageLoad: 300000, script: 30000}, unhandledPromptBehavior: dismiss and notify, webauthn:extension:credBlob: true, webauthn:extension:largeBlob: true, webauthn:extension:minPinLength: true, webauthn:extension:prf: true, webauthn:virtualAuthenticators: true}
Session ID: 8db361442dc1be94badbff6e0e1f1407
	at org.openqa.selenium.remote.ErrorCodec.decode(ErrorCodec.java:167)
	at org.openqa.selenium.remote.codec.w3c.W3CHttpResponseCodec.decode(W3CHttpResponseCodec.java:138)
	at org.openqa.selenium.remote.codec.w3c.W3CHttpResponseCodec.decode(W3CHttpResponseCodec.java:50)
	at org.openqa.selenium.remote.HttpCommandExecutor.execute(HttpCommandExecutor.java:190)
	at org.openqa.selenium.remote.service.DriverCommandExecutor.invokeExecute(DriverCommandExecutor.java:216)
	at org.openqa.selenium.remote.service.DriverCommandExecutor.execute(DriverCommandExecutor.java:174)
	at org.openqa.selenium.remote.RemoteWebDriver.execute(RemoteWebDriver.java:545)
	at org.openqa.selenium.remote.ElementLocation$ElementFinder$2.findElement(ElementLocation.java:165)
	at org.openqa.selenium.remote.ElementLocation.findElement(ElementLocation.java:59)
	at org.openqa.selenium.remote.RemoteWebDriver.findElement(RemoteWebDriver.java:368)
	at org.openqa.selenium.remote.RemoteWebDriver.findElement(RemoteWebDriver.java:362)
	at pageobjects.Home_Page.manageAccount(Home_Page.java:47)
	at testcases.TC_001_Signup.checkSignup(TC_001_Signup.java:49)
	at java.base/java.util.ArrayList.forEach(ArrayList.java:1596)
... Removed 32 stack frames
</div> <!-- stack-trace -->
                </div> <!-- method-content -->
              </div> <!-- method -->
            </div> <!-- main-panel-content rounded-window-bottom -->
          </div> <!-- suite-MasterSuite-class-failed -->
          <div class="suite-MasterSuite-class-passed">
            <div class="main-panel-header rounded-window-top">
              <img src="passed.png"/>
              <span class="class-name">testcases.TC_001_Signup</span>
            </div> <!-- main-panel-header rounded-window-top -->
            <div class="main-panel-content rounded-window-bottom">
              <div class="method">
                <div class="method-content">
                  <a name="checkSignup(bette_nicka@cox.net, g28943b1g, Bette)">
                  </a> <!-- checkSignup(bette_nicka@cox.net, g28943b1g, Bette) -->
                  <span class="method-name">checkSignup</span>
                  <span class="parameters">(bette_nicka@cox.net,g28943b1g,Bette)</span>
                </div> <!-- method-content -->
              </div> <!-- method -->
              <div class="method">
                <div class="method-content">
                  <a name="checkSignup(yuki_whobrey@aol.com, y107119f5y, Yuki)">
                  </a> <!-- checkSignup(yuki_whobrey@aol.com, y107119f5y, Yuki) -->
                  <span class="method-name">checkSignup</span>
                  <span class="parameters">(yuki_whobrey@aol.com,y107119f5y,Yuki)</span>
                </div> <!-- method-content -->
              </div> <!-- method -->
              <div class="method">
                <div class="method-content">
                  <a name="checkSignup(fletcher.flosi@yahoo.com, d122102h7d, Fletcher)">
                  </a> <!-- checkSignup(fletcher.flosi@yahoo.com, d122102h7d, Fletcher) -->
                  <span class="method-name">checkSignup</span>
                  <span class="parameters">(fletcher.flosi@yahoo.com,d122102h7d,Fletcher)</span>
                </div> <!-- method-content -->
              </div> <!-- method -->
              <div class="method">
                <div class="method-content">
                  <a name="setSignup">
                  </a> <!-- setSignup -->
                  <span class="method-name">setSignup</span>
                </div> <!-- method-content -->
              </div> <!-- method -->
            </div> <!-- main-panel-content rounded-window-bottom -->
          </div> <!-- suite-MasterSuite-class-passed -->
        </div> <!-- panel MasterSuite -->
        <div panel-name="test-xml-MasterSuite" class="panel">
          <div class="main-panel-header rounded-window-top">
            <span class="header-content">C:\Users\keert\eclipse-workspace\Target\testngMaster.xml</span>
          </div> <!-- main-panel-header rounded-window-top -->
          <div class="main-panel-content rounded-window-bottom">
            <pre>
&lt;?xml version=&quot;1.0&quot; encoding=&quot;UTF-8&quot;?&gt;
&lt;!DOCTYPE suite SYSTEM &quot;https://testng.org/testng-1.0.dtd&quot;&gt;
&lt;suite name=&quot;MasterSuite&quot; guice-stage=&quot;DEVELOPMENT&quot; verbose=&quot;0&quot;&gt;
  &lt;listeners&gt;
    &lt;listener class-name=&quot;utilities.ExtentReportManager&quot;/&gt;
  &lt;/listeners&gt;
  &lt;test thread-count=&quot;5&quot; name=&quot;Test1&quot; verbose=&quot;0&quot;&gt;
    &lt;parameter name=&quot;os&quot; value=&quot;Windows&quot;/&gt;
    &lt;parameter name=&quot;browser&quot; value=&quot;Chrome&quot;/&gt;
    &lt;classes&gt;
      &lt;class name=&quot;testcases.TC_001_Signup&quot;/&gt;
    &lt;/classes&gt;
  &lt;/test&gt; &lt;!-- Test1 --&gt;
&lt;/suite&gt; &lt;!-- MasterSuite --&gt;
            </pre>
          </div> <!-- main-panel-content rounded-window-bottom -->
        </div> <!-- panel -->
        <div panel-name="testlist-MasterSuite" class="panel">
          <div class="main-panel-header rounded-window-top">
            <span class="header-content">Tests for MasterSuite</span>
          </div> <!-- main-panel-header rounded-window-top -->
          <div class="main-panel-content rounded-window-bottom">
            <ul>
              <li>
                <span class="test-name">Test1 (1 class)</span>
              </li>
            </ul>
          </div> <!-- main-panel-content rounded-window-bottom -->
        </div> <!-- panel -->
        <div panel-name="group-MasterSuite" class="panel">
          <div class="main-panel-header rounded-window-top">
            <span class="header-content">Groups for MasterSuite</span>
          </div> <!-- main-panel-header rounded-window-top -->
          <div class="main-panel-content rounded-window-bottom">
            <div class="test-group">
              <span class="test-group-name">Master</span>
              <br/>
              <div class="method-in-group">
                <span class="method-in-group-name">checkSignup</span>
                <br/>
              </div> <!-- method-in-group -->
              <div class="method-in-group">
                <span class="method-in-group-name">setSignup</span>
                <br/>
              </div> <!-- method-in-group -->
            </div> <!-- test-group -->
            <div class="test-group">
              <span class="test-group-name">Regression</span>
              <br/>
              <div class="method-in-group">
                <span class="method-in-group-name">checkSignup</span>
                <br/>
              </div> <!-- method-in-group -->
              <div class="method-in-group">
                <span class="method-in-group-name">setSignup</span>
                <br/>
              </div> <!-- method-in-group -->
            </div> <!-- test-group -->
          </div> <!-- main-panel-content rounded-window-bottom -->
        </div> <!-- panel -->
        <div panel-name="times-MasterSuite" class="panel">
          <div class="main-panel-header rounded-window-top">
            <span class="header-content">Times for MasterSuite</span>
          </div> <!-- main-panel-header rounded-window-top -->
          <div class="main-panel-content rounded-window-bottom">
            <div class="times-div">
              <script type="text/javascript">
suiteTableInitFunctions.push('tableData_MasterSuite');
function tableData_MasterSuite() {
var data = new google.visualization.DataTable();
data.addColumn('number', 'Number');
data.addColumn('string', 'Method');
data.addColumn('string', 'Class');
data.addColumn('number', 'Time (ms)');
data.addRows(12);
data.setCell(0, 0, 0)
data.setCell(0, 1, 'checkSignup')
data.setCell(0, 2, 'testcases.TC_001_Signup')
data.setCell(0, 3, 185830);
data.setCell(1, 0, 1)
data.setCell(1, 1, 'checkSignup')
data.setCell(1, 2, 'testcases.TC_001_Signup')
data.setCell(1, 3, 135007);
data.setCell(2, 0, 2)
data.setCell(2, 1, 'checkSignup')
data.setCell(2, 2, 'testcases.TC_001_Signup')
data.setCell(2, 3, 39160);
data.setCell(3, 0, 3)
data.setCell(3, 1, 'setSignup')
data.setCell(3, 2, 'testcases.TC_001_Signup')
data.setCell(3, 3, 33303);
data.setCell(4, 0, 4)
data.setCell(4, 1, 'checkSignup')
data.setCell(4, 2, 'testcases.TC_001_Signup')
data.setCell(4, 3, 31818);
data.setCell(5, 0, 5)
data.setCell(5, 1, 'checkSignup')
data.setCell(5, 2, 'testcases.TC_001_Signup')
data.setCell(5, 3, 17950);
data.setCell(6, 0, 6)
data.setCell(6, 1, 'checkSignup')
data.setCell(6, 2, 'testcases.TC_001_Signup')
data.setCell(6, 3, 11604);
data.setCell(7, 0, 7)
data.setCell(7, 1, 'checkSignup')
data.setCell(7, 2, 'testcases.TC_001_Signup')
data.setCell(7, 3, 11431);
data.setCell(8, 0, 8)
data.setCell(8, 1, 'checkSignup')
data.setCell(8, 2, 'testcases.TC_001_Signup')
data.setCell(8, 3, 11296);
data.setCell(9, 0, 9)
data.setCell(9, 1, 'checkSignup')
data.setCell(9, 2, 'testcases.TC_001_Signup')
data.setCell(9, 3, 11287);
data.setCell(10, 0, 10)
data.setCell(10, 1, 'checkSignup')
data.setCell(10, 2, 'testcases.TC_001_Signup')
data.setCell(10, 3, 11269);
data.setCell(11, 0, 11)
data.setCell(11, 1, 'checkSignup')
data.setCell(11, 2, 'testcases.TC_001_Signup')
data.setCell(11, 3, 11244);
window.suiteTableData['MasterSuite']= { tableData: data, tableDiv: 'times-div-MasterSuite'}
return data;
}
              </script>
              <span class="suite-total-time">Total running time: 8 minutes</span>
              <div id="times-div-MasterSuite">
              </div> <!-- times-div-MasterSuite -->
            </div> <!-- times-div -->
          </div> <!-- main-panel-content rounded-window-bottom -->
        </div> <!-- panel -->
        <div panel-name="reporter-MasterSuite" class="panel">
          <div class="main-panel-header rounded-window-top">
            <span class="header-content">Reporter output for MasterSuite</span>
          </div> <!-- main-panel-header rounded-window-top -->
          <div class="main-panel-content rounded-window-bottom">
          </div> <!-- main-panel-content rounded-window-bottom -->
        </div> <!-- panel -->
        <div panel-name="ignored-methods-MasterSuite" class="panel">
          <div class="main-panel-header rounded-window-top">
            <span class="header-content">0 ignored methods</span>
          </div> <!-- main-panel-header rounded-window-top -->
          <div class="main-panel-content rounded-window-bottom">
          </div> <!-- main-panel-content rounded-window-bottom -->
        </div> <!-- panel -->
        <div panel-name="chronological-MasterSuite" class="panel">
          <div class="main-panel-header rounded-window-top">
            <span class="header-content">Methods in chronological order</span>
          </div> <!-- main-panel-header rounded-window-top -->
          <div class="main-panel-content rounded-window-bottom">
            <div class="chronological-class">
              <div class="chronological-class-name">testcases.TC_001_Signup</div> <!-- chronological-class-name -->
              <div class="configuration-class before">
                <span class="method-name">setup(Windows, Chrome)</span>
                <span class="method-start">0 ms</span>
              </div> <!-- configuration-class before -->
              <div class="test-method">
                <span class="method-name">setSignup</span>
                <span class="method-start">137000 ms</span>
              </div> <!-- test-method -->
              <div class="test-method">
                <span class="method-name">checkSignup(yuki_whobrey@aol.com, y107119f5y, Yuki)</span>
                <span class="method-start">198257 ms</span>
              </div> <!-- test-method -->
              <div class="test-method">
                <span class="method-name">checkSignup(fletcher.flosi@yahoo.com, d122102h7d, Fletcher)</span>
                <span class="method-start">237422 ms</span>
              </div> <!-- test-method -->
              <div class="test-method">
                <span class="method-name">checkSignup(bette_nicka@cox.net, g28943b1g, Bette)</span>
                <span class="method-start">269269 ms</span>
              </div> <!-- test-method -->
              <div class="test-method">
                <img src="failed.png">
                </img>
                <span class="method-name">checkSignup(vinouye@aol.com, x42067c2x, Veronika)</span>
                <span class="method-start">287232 ms</span>
              </div> <!-- test-method -->
              <div class="test-method">
                <img src="failed.png">
                </img>
                <span class="method-name">checkSignup(willard@hotmail.com, f03823e4f, Willard)</span>
                <span class="method-start">423202 ms</span>
              </div> <!-- test-method -->
              <div class="test-method">
                <img src="failed.png">
                </img>
                <span class="method-name">checkSignup(mroyster@royster.com, d509106i8d, Maryann)</span>
                <span class="method-start">609722 ms</span>
              </div> <!-- test-method -->
              <div class="test-method">
                <img src="failed.png">
                </img>
                <span class="method-name">checkSignup(alisha@slusarski.com, n22728h7n, Alisha)</span>
                <span class="method-start">621699 ms</span>
              </div> <!-- test-method -->
              <div class="test-method">
                <img src="failed.png">
                </img>
                <span class="method-name">checkSignup(allene_iturbide@cox.net, g240102d3g, Allene)</span>
                <span class="method-start">633573 ms</span>
              </div> <!-- test-method -->
              <div class="test-method">
                <img src="failed.png">
                </img>
                <span class="method-name">checkSignup(chanel.caudy@caudy.org, r24678h7r, Chanel)</span>
                <span class="method-start">645179 ms</span>
              </div> <!-- test-method -->
              <div class="test-method">
                <img src="failed.png">
                </img>
                <span class="method-name">checkSignup(ezekiel@chui.com, Rto#!9990, Ezekiel)</span>
                <span class="method-start">656842 ms</span>
              </div> <!-- test-method -->
              <div class="test-method">
                <img src="failed.png">
                </img>
                <span class="method-name">checkSignup(wkusko@yahoo.com, xYt29010g, Willow)</span>
                <span class="method-start">668575 ms</span>
              </div> <!-- test-method -->
          </div> <!-- main-panel-content rounded-window-bottom -->
        </div> <!-- panel -->
      </div> <!-- main-panel-root -->
    </div> <!-- wrapper -->
  </body>
<script type="text/javascript" src="testng-reports2.js"></script>
</html>
