<?xml version="1.0" encoding="UTF-8"?>
<!-- Generated by org.testng.reporters.JUnitXMLReporter -->
<testsuite ignored="0" hostname="DESKTOP-I2GOEGO" failures="2" tests="12" name="edgetest" time="822.464" errors="0" timestamp="2025-01-18T12:16:39 IST">
  <testcase classname="testcases.TC_001_Signup" name="setSignup" time="33.231"/>
  <testcase classname="testcases.TC_002_AccountCreate" name="setAccCreate" time="0.202"/>
  <testcase classname="testcases.TC_002_AccountCreate" name="accountCreater" time="47.345"/>
  <testcase classname="testcases.TC_002_AccountCreate" name="accountCreater" time="25.877"/>
  <testcase classname="testcases.TC_002_AccountCreate" name="accountCreater" time="27.4"/>
  <testcase classname="testcases.TC_002_AccountCreate" name="accountCreater" time="23.051"/>
  <testcase classname="testcases.TC_002_AccountCreate" name="accountCreater" time="22.937"/>
  <testcase classname="testcases.TC_002_AccountCreate" name="accountCreater" time="22.694"/>
  <testcase classname="testcases.TC_002_AccountCreate" name="accountCreater" time="115.208"/>
  <testcase classname="testcases.TC_002_AccountCreate" name="accountCreater" time="149.176"/>
  <testcase classname="testcases.TC_002_AccountCreate" name="accountCreater" time="119.538">
    <failure type="org.openqa.selenium.NoSuchElementException" message="no such element: Unable to locate element: {&amp;quot;method&amp;quot;:&amp;quot;css selector&amp;quot;,&amp;quot;selector&amp;quot;:&amp;quot;#account\-sign\-in&amp;quot;}
  (Session info: MicrosoftEdge=131.0.2903.146)
For documentation on this error, please visit: https://www.selenium.dev/documentation/webdriver/troubleshooting/errors#no-such-element-exception
Build info: version: &amp;apos;4.27.0&amp;apos;, revision: &amp;apos;d6e718d134&amp;apos;
System info: os.name: &amp;apos;Windows 10&amp;apos;, os.arch: &amp;apos;amd64&amp;apos;, os.version: &amp;apos;10.0&amp;apos;, java.version: &amp;apos;17.0.10&amp;apos;
Driver info: org.openqa.selenium.edge.EdgeDriver
Command: [ee23ca3528f322ff93beceeb2e5d7423, findElement {using=id, value=account-sign-in}]
Capabilities {acceptInsecureCerts: false, browserName: MicrosoftEdge, browserVersion: 131.0.2903.146, fedcm:accounts: true, ms:edgeOptions: {debuggerAddress: localhost:57910}, msedge: {msedgedriverVersion: 131.0.2903.146 (99fcb90c1ee..., userDataDir: C:\Users\keert\AppData\Loca...}, networkConnectionEnabled: false, pageLoadStrategy: normal, platformName: windows, proxy: Proxy(), se:cdp: ws://localhost:57910/devtoo..., se:cdpVersion: 131.0.2903.146, setWindowRect: true, strictFileInteractability: false, timeouts: {implicit: 0, pageLoad: 300000, script: 30000}, unhandledPromptBehavior: dismiss and notify, webauthn:extension:credBlob: true, webauthn:extension:largeBlob: true, webauthn:extension:minPinLength: true, webauthn:extension:prf: true, webauthn:virtualAuthenticators: true}
Session ID: ee23ca3528f322ff93beceeb2e5d7423">
      <![CDATA[org.openqa.selenium.NoSuchElementException: no such element: Unable to locate element: {"method":"css selector","selector":"#account\-sign\-in"}
  (Session info: MicrosoftEdge=131.0.2903.146)
For documentation on this error, please visit: https://www.selenium.dev/documentation/webdriver/troubleshooting/errors#no-such-element-exception
Build info: version: '4.27.0', revision: 'd6e718d134'
System info: os.name: 'Windows 10', os.arch: 'amd64', os.version: '10.0', java.version: '17.0.10'
Driver info: org.openqa.selenium.edge.EdgeDriver
Command: [ee23ca3528f322ff93beceeb2e5d7423, findElement {using=id, value=account-sign-in}]
Capabilities {acceptInsecureCerts: false, browserName: MicrosoftEdge, browserVersion: 131.0.2903.146, fedcm:accounts: true, ms:edgeOptions: {debuggerAddress: localhost:57910}, msedge: {msedgedriverVersion: 131.0.2903.146 (99fcb90c1ee..., userDataDir: C:\Users\keert\AppData\Loca...}, networkConnectionEnabled: false, pageLoadStrategy: normal, platformName: windows, proxy: Proxy(), se:cdp: ws://localhost:57910/devtoo..., se:cdpVersion: 131.0.2903.146, setWindowRect: true, strictFileInteractability: false, timeouts: {implicit: 0, pageLoad: 300000, script: 30000}, unhandledPromptBehavior: dismiss and notify, webauthn:extension:credBlob: true, webauthn:extension:largeBlob: true, webauthn:extension:minPinLength: true, webauthn:extension:prf: true, webauthn:virtualAuthenticators: true}
Session ID: ee23ca3528f322ff93beceeb2e5d7423
at org.openqa.selenium.remote.ErrorCodec.decode(ErrorCodec.java:167)
at org.openqa.selenium.remote.codec.w3c.W3CHttpResponseCodec.decode(W3CHttpResponseCodec.java:138)
at org.openqa.selenium.remote.codec.w3c.W3CHttpResponseCodec.decode(W3CHttpResponseCodec.java:50)
at org.openqa.selenium.remote.HttpCommandExecutor.execute(HttpCommandExecutor.java:190)
at org.openqa.selenium.remote.service.DriverCommandExecutor.invokeExecute(DriverCommandExecutor.java:216)
at org.openqa.selenium.remote.service.DriverCommandExecutor.execute(DriverCommandExecutor.java:174)
at org.openqa.selenium.remote.RemoteWebDriver.execute(RemoteWebDriver.java:545)
at org.openqa.selenium.remote.ElementLocation$ElementFinder$2.findElement(ElementLocation.java:165)
at org.openqa.selenium.remote.ElementLocation.findElement(ElementLocation.java:59)
at org.openqa.selenium.remote.RemoteWebDriver.findElement(RemoteWebDriver.java:368)
at org.openqa.selenium.remote.RemoteWebDriver.findElement(RemoteWebDriver.java:362)
at pageobjects.Home_Page.clickAccMenuAfter(Home_Page.java:31)
at testcases.TC_002_AccountCreate.accountCreater(TC_002_AccountCreate.java:62)
at java.base/java.util.ArrayList.forEach(ArrayList.java:1511)
... Removed 30 stack frames]]>
    </failure>
  </testcase> <!-- accountCreater -->
  <testcase classname="testcases.TC_002_AccountCreate" name="record" time="0.062">
    <failure type="java.lang.ArrayIndexOutOfBoundsException" message="Index 9 out of bounds for length 9">
      <![CDATA[java.lang.ArrayIndexOutOfBoundsException: Index 9 out of bounds for length 9
at utilities.XLUtils.createCellData(XLUtils.java:143)
at testcases.TC_002_AccountCreate.record(TC_002_AccountCreate.java:77)
at java.base/java.util.ArrayList.forEach(ArrayList.java:1511)
... Removed 27 stack frames]]>
    </failure>
  </testcase> <!-- record -->
</testsuite> <!-- edgetest -->
