<?xml version="1.0" encoding="UTF-8"?>
<!-- Generated by org.testng.reporters.JUnitXMLReporter -->
<testsuite ignored="0" hostname="DESKTOP-I2GOEGO" failures="0" tests="4" name="Test" time="6.182" errors="0" timestamp="2025-01-10T20:00:51 IST">
  <testcase classname="testcases.Base_Test" name="@BeforeClass setup" time="-1.736519445293E9">
    <failure type="org.testng.TestNGException" message="
Parameter &amp;apos;os&amp;apos; is required by BeforeClass on method setup but has not been marked @Optional or defined
in C:\Users\keert\eclipse-workspace\Target\testngMaster.xml">
      <![CDATA[org.testng.TestNGException: 
Parameter 'os' is required by BeforeClass on method setup but has not been marked @Optional or defined
in C:\Users\keert\eclipse-workspace\Target\testngMaster.xml
at java.base/java.util.ArrayList.forEach(ArrayList.java:1511)
... Removed 22 stack frames]]>
    </failure>
  </testcase> <!-- @BeforeClass setup -->
  <testcase classname="testcases.TC_001_Signup" name="setSignup" time="0.0">
    <skipped/>
  </testcase> <!-- setSignup -->
  <testcase classname="testcases.TC_001_Signup" name="checkSignup" time="0.0">
    <skipped/>
  </testcase> <!-- checkSignup -->
  <testcase classname="testcases.TC_001_Signup" name="checkSignup" time="0.0">
    <skipped/>
  </testcase> <!-- checkSignup -->
  <testcase classname="testcases.TC_001_Signup" name="checkSignup" time="0.0">
    <skipped/>
  </testcase> <!-- checkSignup -->
</testsuite> <!-- Test -->
