<?xml version="1.0" encoding="UTF-8"?>
<!-- Generated by org.testng.reporters.JUnitXMLReporter -->
<testsuite ignored="0" hostname="DESKTOP-I2GOEGO" failures="0" tests="12" name="TestGroup" time="20.85" errors="0" timestamp="2025-01-20T20:29:55 IST">
  <testcase classname="testcases.Base_Test" name="@BeforeClass setup" time="7.601">
    <failure type="org.openqa.selenium.SessionNotCreatedException" message="Could not start a new session. Possible causes are invalid address of the remote server or browser start-up failure. 
Host info: host: &amp;apos;DESKTOP-I2GOEGO&amp;apos;, ip: &amp;apos;192.168.1.106&amp;apos;
Build info: version: &amp;apos;4.27.0&amp;apos;, revision: &amp;apos;d6e718d134&amp;apos;
System info: os.name: &amp;apos;Windows 10&amp;apos;, os.arch: &amp;apos;amd64&amp;apos;, os.version: &amp;apos;10.0&amp;apos;, java.version: &amp;apos;17.0.10&amp;apos;
Driver info: org.openqa.selenium.remote.RemoteWebDriver
Command: [null, newSession {capabilities=[Capabilities {browserName: chrome, platformName: Windows 10}]}]
Capabilities {browserName: chrome, platformName: Windows 10}">
      <![CDATA[org.openqa.selenium.SessionNotCreatedException: Could not start a new session. Possible causes are invalid address of the remote server or browser start-up failure. 
Host info: host: 'DESKTOP-I2GOEGO', ip: '192.168.1.106'
Build info: version: '4.27.0', revision: 'd6e718d134'
System info: os.name: 'Windows 10', os.arch: 'amd64', os.version: '10.0', java.version: '17.0.10'
Driver info: org.openqa.selenium.remote.RemoteWebDriver
Command: [null, newSession {capabilities=[Capabilities {browserName: chrome, platformName: Windows 10}]}]
Capabilities {browserName: chrome, platformName: Windows 10}
at org.openqa.selenium.remote.RemoteWebDriver.execute(RemoteWebDriver.java:563)
at org.openqa.selenium.remote.RemoteWebDriver.startSession(RemoteWebDriver.java:245)
at org.openqa.selenium.remote.RemoteWebDriver.<init>(RemoteWebDriver.java:174)
at org.openqa.selenium.remote.RemoteWebDriver.<init>(RemoteWebDriver.java:152)
at testcases.Base_Test.setup(Base_Test.java:64)
at java.base/java.util.ArrayList.forEach(ArrayList.java:1511)
Caused by: java.io.UncheckedIOException: javax.net.ssl.SSLException: Unrecognized SSL message, plaintext connection?
at org.openqa.selenium.remote.http.jdk.JdkHttpClient.execute0(JdkHttpClient.java:496)
at org.openqa.selenium.remote.http.AddSeleniumUserAgent.lambda$apply$0(AddSeleniumUserAgent.java:42)
at org.openqa.selenium.remote.http.Filter.lambda$andFinally$1(Filter.java:55)
at org.openqa.selenium.remote.http.jdk.JdkHttpClient.lambda$executeAsync$1(JdkHttpClient.java:383)
at java.base/java.util.concurrent.Executors$RunnableAdapter.call(Executors.java:539)
at java.base/java.util.concurrent.FutureTask.run(FutureTask.java:264)
at java.base/java.util.concurrent.ThreadPoolExecutor.runWorker(ThreadPoolExecutor.java:1136)
at java.base/java.util.concurrent.ThreadPoolExecutor$Worker.run(ThreadPoolExecutor.java:635)
at java.base/java.lang.Thread.run(Thread.java:840)
Caused by: javax.net.ssl.SSLException: Unrecognized SSL message, plaintext connection?
at java.net.http/jdk.internal.net.http.HttpClientImpl.send(HttpClientImpl.java:584)
at java.net.http/jdk.internal.net.http.HttpClientFacade.send(HttpClientFacade.java:123)
at org.openqa.selenium.remote.http.jdk.JdkHttpClient.execute0(JdkHttpClient.java:455)
... 8 more
Caused by: javax.net.ssl.SSLException: Unrecognized SSL message, plaintext connection?
at java.base/sun.security.ssl.SSLEngineInputRecord.bytesInCompletePacket(SSLEngineInputRecord.java:145)
at java.base/sun.security.ssl.SSLEngineInputRecord.bytesInCompletePacket(SSLEngineInputRecord.java:64)
at java.base/sun.security.ssl.SSLEngineImpl.readRecord(SSLEngineImpl.java:612)
at java.base/sun.security.ssl.SSLEngineImpl.unwrap(SSLEngineImpl.java:506)
at java.base/sun.security.ssl.SSLEngineImpl.unwrap(SSLEngineImpl.java:482)
at java.base/javax.net.ssl.SSLEngine.unwrap(SSLEngine.java:679)
at java.net.http/jdk.internal.net.http.common.SSLFlowDelegate$Reader.unwrapBuffer(SSLFlowDelegate.java:529)
at java.net.http/jdk.internal.net.http.common.SSLFlowDelegate$Reader.processData(SSLFlowDelegate.java:433)
at java.net.http/jdk.internal.net.http.common.SSLFlowDelegate$Reader$ReaderDownstreamPusher.run(SSLFlowDelegate.java:268)
at java.net.http/jdk.internal.net.http.common.SequentialScheduler$LockingRestartableTask.run(SequentialScheduler.java:205)
at java.net.http/jdk.internal.net.http.common.SequentialScheduler$CompleteRestartableTask.run(SequentialScheduler.java:149)
at java.net.http/jdk.internal.net.http.common.SequentialScheduler$SchedulableTask.run(SequentialScheduler.java:230)
... 3 more
... Removed 25 stack frames]]>
    </failure>
  </testcase> <!-- @BeforeClass setup -->
  <testcase classname="testcases.Base_Test" name="@BeforeClass setup" time="0.138">
    <failure type="org.openqa.selenium.SessionNotCreatedException" message="Could not start a new session. Possible causes are invalid address of the remote server or browser start-up failure. 
Host info: host: &amp;apos;DESKTOP-I2GOEGO&amp;apos;, ip: &amp;apos;192.168.1.106&amp;apos;
Build info: version: &amp;apos;4.27.0&amp;apos;, revision: &amp;apos;d6e718d134&amp;apos;
System info: os.name: &amp;apos;Windows 10&amp;apos;, os.arch: &amp;apos;amd64&amp;apos;, os.version: &amp;apos;10.0&amp;apos;, java.version: &amp;apos;17.0.10&amp;apos;
Driver info: org.openqa.selenium.remote.RemoteWebDriver
Command: [null, newSession {capabilities=[Capabilities {browserName: chrome, platformName: Windows 10}]}]
Capabilities {browserName: chrome, platformName: Windows 10}">
      <![CDATA[org.openqa.selenium.SessionNotCreatedException: Could not start a new session. Possible causes are invalid address of the remote server or browser start-up failure. 
Host info: host: 'DESKTOP-I2GOEGO', ip: '192.168.1.106'
Build info: version: '4.27.0', revision: 'd6e718d134'
System info: os.name: 'Windows 10', os.arch: 'amd64', os.version: '10.0', java.version: '17.0.10'
Driver info: org.openqa.selenium.remote.RemoteWebDriver
Command: [null, newSession {capabilities=[Capabilities {browserName: chrome, platformName: Windows 10}]}]
Capabilities {browserName: chrome, platformName: Windows 10}
at org.openqa.selenium.remote.RemoteWebDriver.execute(RemoteWebDriver.java:563)
at org.openqa.selenium.remote.RemoteWebDriver.startSession(RemoteWebDriver.java:245)
at org.openqa.selenium.remote.RemoteWebDriver.<init>(RemoteWebDriver.java:174)
at org.openqa.selenium.remote.RemoteWebDriver.<init>(RemoteWebDriver.java:152)
at testcases.Base_Test.setup(Base_Test.java:64)
at java.base/java.util.ArrayList.forEach(ArrayList.java:1511)
Caused by: java.io.UncheckedIOException: javax.net.ssl.SSLException: Unrecognized SSL message, plaintext connection?
at org.openqa.selenium.remote.http.jdk.JdkHttpClient.execute0(JdkHttpClient.java:496)
at org.openqa.selenium.remote.http.AddSeleniumUserAgent.lambda$apply$0(AddSeleniumUserAgent.java:42)
at org.openqa.selenium.remote.http.Filter.lambda$andFinally$1(Filter.java:55)
at org.openqa.selenium.remote.http.jdk.JdkHttpClient.lambda$executeAsync$1(JdkHttpClient.java:383)
at java.base/java.util.concurrent.Executors$RunnableAdapter.call(Executors.java:539)
at java.base/java.util.concurrent.FutureTask.run(FutureTask.java:264)
at java.base/java.util.concurrent.ThreadPoolExecutor.runWorker(ThreadPoolExecutor.java:1136)
at java.base/java.util.concurrent.ThreadPoolExecutor$Worker.run(ThreadPoolExecutor.java:635)
at java.base/java.lang.Thread.run(Thread.java:840)
Caused by: javax.net.ssl.SSLException: Unrecognized SSL message, plaintext connection?
at java.net.http/jdk.internal.net.http.HttpClientImpl.send(HttpClientImpl.java:584)
at java.net.http/jdk.internal.net.http.HttpClientFacade.send(HttpClientFacade.java:123)
at org.openqa.selenium.remote.http.jdk.JdkHttpClient.execute0(JdkHttpClient.java:455)
... 8 more
Caused by: javax.net.ssl.SSLException: Unrecognized SSL message, plaintext connection?
at java.base/sun.security.ssl.SSLEngineInputRecord.bytesInCompletePacket(SSLEngineInputRecord.java:145)
at java.base/sun.security.ssl.SSLEngineInputRecord.bytesInCompletePacket(SSLEngineInputRecord.java:64)
at java.base/sun.security.ssl.SSLEngineImpl.readRecord(SSLEngineImpl.java:612)
at java.base/sun.security.ssl.SSLEngineImpl.unwrap(SSLEngineImpl.java:506)
at java.base/sun.security.ssl.SSLEngineImpl.unwrap(SSLEngineImpl.java:482)
at java.base/javax.net.ssl.SSLEngine.unwrap(SSLEngine.java:679)
at java.net.http/jdk.internal.net.http.common.SSLFlowDelegate$Reader.unwrapBuffer(SSLFlowDelegate.java:529)
at java.net.http/jdk.internal.net.http.common.SSLFlowDelegate$Reader.processData(SSLFlowDelegate.java:433)
at java.net.http/jdk.internal.net.http.common.SSLFlowDelegate$Reader$ReaderDownstreamPusher.run(SSLFlowDelegate.java:268)
at java.net.http/jdk.internal.net.http.common.SequentialScheduler$LockingRestartableTask.run(SequentialScheduler.java:205)
at java.net.http/jdk.internal.net.http.common.SequentialScheduler$CompleteRestartableTask.run(SequentialScheduler.java:149)
at java.net.http/jdk.internal.net.http.common.SequentialScheduler$SchedulableTask.run(SequentialScheduler.java:230)
... 3 more
... Removed 25 stack frames]]>
    </failure>
  </testcase> <!-- @BeforeClass setup -->
  <testcase classname="testcases.TC_002_AccountCreate" name="setAccCreate" time="0.0">
    <skipped/>
  </testcase> <!-- setAccCreate -->
  <testcase classname="testcases.TC_002_AccountCreate" name="accountCreater" time="0.0">
    <skipped/>
  </testcase> <!-- accountCreater -->
  <testcase classname="testcases.TC_002_AccountCreate" name="accountCreater" time="0.0">
    <skipped/>
  </testcase> <!-- accountCreater -->
  <testcase classname="testcases.TC_002_AccountCreate" name="accountCreater" time="0.0">
    <skipped/>
  </testcase> <!-- accountCreater -->
  <testcase classname="testcases.TC_002_AccountCreate" name="accountCreater" time="0.0">
    <skipped/>
  </testcase> <!-- accountCreater -->
  <testcase classname="testcases.TC_002_AccountCreate" name="accountCreater" time="0.0">
    <skipped/>
  </testcase> <!-- accountCreater -->
  <testcase classname="testcases.TC_002_AccountCreate" name="accountCreater" time="0.0">
    <skipped/>
  </testcase> <!-- accountCreater -->
  <testcase classname="testcases.TC_002_AccountCreate" name="accountCreater" time="0.001">
    <skipped/>
  </testcase> <!-- accountCreater -->
  <testcase classname="testcases.TC_002_AccountCreate" name="accountCreater" time="0.0">
    <skipped/>
  </testcase> <!-- accountCreater -->
  <testcase classname="testcases.TC_002_AccountCreate" name="accountCreater" time="0.0">
    <skipped/>
  </testcase> <!-- accountCreater -->
  <testcase classname="testcases.TC_002_AccountCreate" name="record" time="0.0">
    <skipped/>
  </testcase> <!-- record -->
  <testcase classname="testcases.TC_001_Signup" name="setSignup" time="0.0">
    <skipped/>
  </testcase> <!-- setSignup -->
</testsuite> <!-- TestGroup -->
